./tests/runnable/test_19_parameters.ul
Picked up _JAVA_OPTIONS: -Xmx1024m -XX:CompressedClassSpaceSize=256m
Error:16:13:Type of expression does not match the function parameter

CURRENT FUNCTION
Type_Void main()

FUNCTION ENVIRONMENT
Type_Char foo(Type_Char b, Type_Char z, )
Type_Void main()

VARIABLE ENVIRONMENT
Type_Int z
Type_Float a
Type_Boolean c
Type_Char _x

ast.SemanticException: Error:16:13:Type of expression does not match the function parameter
	at ast.VisitorType.__throwError(VisitorType.java:50)
	at ast.VisitorType.visit(VisitorType.java:348)
	at ast.ExpressionFunction.accept(ExpressionFunction.java:33)
	at ast.VisitorType.visit(VisitorType.java:246)
	at ast.StatementAssignment.accept(StatementAssignment.java:38)
	at ast.VisitorType.visit(VisitorType.java:159)
	at ast.FunctionBody.accept(FunctionBody.java:28)
	at ast.VisitorType.visit(VisitorType.java:122)
	at ast.Function.accept(Function.java:27)
	at ast.VisitorType.visit(VisitorType.java:106)
	at ast.Program.accept(Program.java:38)
	at Compiler.main(Compiler.java:56)

./tests/runnable/test_07_println.ul
Picked up _JAVA_OPTIONS: -Xmx1024m -XX:CompressedClassSpaceSize=256m

./tests/runnable/test_11_op_complex.ul
Picked up _JAVA_OPTIONS: -Xmx1024m -XX:CompressedClassSpaceSize=256m

./tests/runnable/test_16_array.ul
Picked up _JAVA_OPTIONS: -Xmx1024m -XX:CompressedClassSpaceSize=256m

./tests/runnable/test_10_op_prec_2.ul
Picked up _JAVA_OPTIONS: -Xmx1024m -XX:CompressedClassSpaceSize=256m

./tests/runnable/test_15_nested_if.ul
Picked up _JAVA_OPTIONS: -Xmx1024m -XX:CompressedClassSpaceSize=256m

./tests/runnable/test_06_print.ul
Picked up _JAVA_OPTIONS: -Xmx1024m -XX:CompressedClassSpaceSize=256m

./tests/runnable/test_03_vardecl.ul
Picked up _JAVA_OPTIONS: -Xmx1024m -XX:CompressedClassSpaceSize=256m

./tests/runnable/test_05_return.ul
Picked up _JAVA_OPTIONS: -Xmx1024m -XX:CompressedClassSpaceSize=256m

./tests/runnable/test_41_pretty_print_ugly.ul
Picked up _JAVA_OPTIONS: -Xmx1024m -XX:CompressedClassSpaceSize=256m
Error:16:0:While conditional expression is not of type 'boolean'

CURRENT FUNCTION
Type_Void sampleTwo(Type_Int x, )

FUNCTION ENVIRONMENT
Type_Float sampleOne(Type_Float x, Type_Float y, )
Type_Void sampleTwo(Type_Int x, )
Type_Void main()

VARIABLE ENVIRONMENT
Type_Int x
Type_Float b
[]
ast.SemanticException: Error:16:0:While conditional expression is not of type 'boolean'
	at ast.VisitorType.__throwError(VisitorType.java:50)
	at ast.VisitorType.visit(VisitorType.java:315)
	at ast.StatementWhile.accept(StatementWhile.java:26)
	at ast.VisitorType.visit(VisitorType.java:159)
	at ast.FunctionBody.accept(FunctionBody.java:28)
	at ast.VisitorType.visit(VisitorType.java:122)
	at ast.Function.accept(Function.java:27)
	at ast.VisitorType.visit(VisitorType.java:106)
	at ast.Program.accept(Program.java:38)
	at Compiler.main(Compiler.java:56)

./tests/runnable/test_43_comment_bottom.ul
Picked up _JAVA_OPTIONS: -Xmx1024m -XX:CompressedClassSpaceSize=256m
Error:6:27:Type of expression does not match the function parameter

CURRENT FUNCTION
Type_Int factorial(Type_Int n, )

FUNCTION ENVIRONMENT
Type_Int factorial(Type_Int n, )
Type_Void main()

VARIABLE ENVIRONMENT
Type_Int n

ast.SemanticException: Error:6:27:Type of expression does not match the function parameter
	at ast.VisitorType.__throwError(VisitorType.java:50)
	at ast.VisitorType.visit(VisitorType.java:348)
	at ast.ExpressionFunction.accept(ExpressionFunction.java:33)
	at ast.VisitorType.visit(VisitorType.java:385)
	at ast.ExpressionOperation.accept(ExpressionOperation.java:34)
	at ast.VisitorType.visit(VisitorType.java:297)
	at ast.StatementReturn.accept(StatementReturn.java:24)
	at ast.VisitorType.visit(VisitorType.java:167)
	at ast.Block.accept(Block.java:27)
	at ast.VisitorType.visit(VisitorType.java:277)
	at ast.StatementIfElse.accept(StatementIfElse.java:38)
	at ast.VisitorType.visit(VisitorType.java:159)
	at ast.FunctionBody.accept(FunctionBody.java:28)
	at ast.VisitorType.visit(VisitorType.java:122)
	at ast.Function.accept(Function.java:27)
	at ast.VisitorType.visit(VisitorType.java:106)
	at ast.Program.accept(Program.java:38)
	at Compiler.main(Compiler.java:56)

./tests/runnable/test_14_if_else.ul
Picked up _JAVA_OPTIONS: -Xmx1024m -XX:CompressedClassSpaceSize=256m

./tests/runnable/test_08_basic_op.ul
Picked up _JAVA_OPTIONS: -Xmx1024m -XX:CompressedClassSpaceSize=256m
java.lang.NullPointerException
	at ast.VisitorType.visit(VisitorType.java:337)
	at ast.ExpressionFunction.accept(ExpressionFunction.java:33)
	at ast.VisitorType.visit(VisitorType.java:262)
	at ast.StatementExpression.accept(StatementExpression.java:19)
	at ast.VisitorType.visit(VisitorType.java:159)
	at ast.FunctionBody.accept(FunctionBody.java:28)
	at ast.VisitorType.visit(VisitorType.java:122)
	at ast.Function.accept(Function.java:27)
	at ast.VisitorType.visit(VisitorType.java:106)
	at ast.Program.accept(Program.java:38)
	at Compiler.main(Compiler.java:56)

./tests/runnable/test_17_multifuncs.ul
Picked up _JAVA_OPTIONS: -Xmx1024m -XX:CompressedClassSpaceSize=256m
java.lang.NullPointerException
	at ast.VisitorType.visit(VisitorType.java:337)
	at ast.ExpressionFunction.accept(ExpressionFunction.java:33)
	at ast.VisitorType.visit(VisitorType.java:246)
	at ast.StatementAssignment.accept(StatementAssignment.java:38)
	at ast.VisitorType.visit(VisitorType.java:159)
	at ast.FunctionBody.accept(FunctionBody.java:28)
	at ast.VisitorType.visit(VisitorType.java:122)
	at ast.Function.accept(Function.java:27)
	at ast.VisitorType.visit(VisitorType.java:106)
	at ast.Program.accept(Program.java:38)
	at Compiler.main(Compiler.java:56)

./tests/runnable/test_02_bare.ul
Picked up _JAVA_OPTIONS: -Xmx1024m -XX:CompressedClassSpaceSize=256m

./tests/runnable/test_42_pretty_print_expected.ul
Picked up _JAVA_OPTIONS: -Xmx1024m -XX:CompressedClassSpaceSize=256m
Error:18:4:While conditional expression is not of type 'boolean'

CURRENT FUNCTION
Type_Void sampleTwo(Type_Int x, )

FUNCTION ENVIRONMENT
Type_Float sampleOne(Type_Float x, Type_Float y, )
Type_Void sampleTwo(Type_Int x, )
Type_Void main()

VARIABLE ENVIRONMENT
Type_Int x
Type_Float b
[]
ast.SemanticException: Error:18:4:While conditional expression is not of type 'boolean'
	at ast.VisitorType.__throwError(VisitorType.java:50)
	at ast.VisitorType.visit(VisitorType.java:315)
	at ast.StatementWhile.accept(StatementWhile.java:26)
	at ast.VisitorType.visit(VisitorType.java:159)
	at ast.FunctionBody.accept(FunctionBody.java:28)
	at ast.VisitorType.visit(VisitorType.java:122)
	at ast.Function.accept(Function.java:27)
	at ast.VisitorType.visit(VisitorType.java:106)
	at ast.Program.accept(Program.java:38)
	at Compiler.main(Compiler.java:56)

./tests/runnable/test_09_op_prec_1.ul
Picked up _JAVA_OPTIONS: -Xmx1024m -XX:CompressedClassSpaceSize=256m

./tests/runnable/test_13_if.ul
Picked up _JAVA_OPTIONS: -Xmx1024m -XX:CompressedClassSpaceSize=256m

./tests/runnable/test_12_while.ul
Picked up _JAVA_OPTIONS: -Xmx1024m -XX:CompressedClassSpaceSize=256m
Error:12:10:Cannot operate on values of different types

CURRENT FUNCTION
Type_Void main()

FUNCTION ENVIRONMENT
Type_Void main()

VARIABLE ENVIRONMENT
Type_Int a
Type_Int b

ast.SemanticException: Error:12:10:Cannot operate on values of different types
	at ast.VisitorType.__throwError(VisitorType.java:50)
	at ast.VisitorType.visit(VisitorType.java:389)
	at ast.ExpressionOperation.accept(ExpressionOperation.java:34)
	at ast.VisitorType.visit(VisitorType.java:311)
	at ast.StatementWhile.accept(StatementWhile.java:26)
	at ast.VisitorType.visit(VisitorType.java:159)
	at ast.FunctionBody.accept(FunctionBody.java:28)
	at ast.VisitorType.visit(VisitorType.java:122)
	at ast.Function.accept(Function.java:27)
	at ast.VisitorType.visit(VisitorType.java:106)
	at ast.Program.accept(Program.java:38)
	at Compiler.main(Compiler.java:56)

./tests/runnable/test_04_statement.ul
Picked up _JAVA_OPTIONS: -Xmx1024m -XX:CompressedClassSpaceSize=256m

./tests/runnable/test_18_while_if.ul
Picked up _JAVA_OPTIONS: -Xmx1024m -XX:CompressedClassSpaceSize=256m
Error:18:8:While conditional expression is not of type 'boolean'

CURRENT FUNCTION
Type_Void main()

FUNCTION ENVIRONMENT
Type_Void main()

VARIABLE ENVIRONMENT
Type_Int a
Type_Int b
Type_Int temp

ast.SemanticException: Error:18:8:While conditional expression is not of type 'boolean'
	at ast.VisitorType.__throwError(VisitorType.java:50)
	at ast.VisitorType.visit(VisitorType.java:315)
	at ast.StatementWhile.accept(StatementWhile.java:26)
	at ast.VisitorType.visit(VisitorType.java:167)
	at ast.Block.accept(Block.java:27)
	at ast.VisitorType.visit(VisitorType.java:275)
	at ast.StatementIfElse.accept(StatementIfElse.java:38)
	at ast.VisitorType.visit(VisitorType.java:159)
	at ast.FunctionBody.accept(FunctionBody.java:28)
	at ast.VisitorType.visit(VisitorType.java:122)
	at ast.Function.accept(Function.java:27)
	at ast.VisitorType.visit(VisitorType.java:106)
	at ast.Program.accept(Program.java:38)
	at Compiler.main(Compiler.java:56)

./tests/runnable/test_01_example.ul
Picked up _JAVA_OPTIONS: -Xmx1024m -XX:CompressedClassSpaceSize=256m
Error:8:27:Type of expression does not match the function parameter

CURRENT FUNCTION
Type_Int factorial(Type_Int n, )

FUNCTION ENVIRONMENT
Type_Int factorial(Type_Int n, )
Type_Void main()

VARIABLE ENVIRONMENT
Type_Int n

ast.SemanticException: Error:8:27:Type of expression does not match the function parameter
	at ast.VisitorType.__throwError(VisitorType.java:50)
	at ast.VisitorType.visit(VisitorType.java:348)
	at ast.ExpressionFunction.accept(ExpressionFunction.java:33)
	at ast.VisitorType.visit(VisitorType.java:385)
	at ast.ExpressionOperation.accept(ExpressionOperation.java:34)
	at ast.VisitorType.visit(VisitorType.java:297)
	at ast.StatementReturn.accept(StatementReturn.java:24)
	at ast.VisitorType.visit(VisitorType.java:167)
	at ast.Block.accept(Block.java:27)
	at ast.VisitorType.visit(VisitorType.java:277)
	at ast.StatementIfElse.accept(StatementIfElse.java:38)
	at ast.VisitorType.visit(VisitorType.java:159)
	at ast.FunctionBody.accept(FunctionBody.java:28)
	at ast.VisitorType.visit(VisitorType.java:122)
	at ast.Function.accept(Function.java:27)
	at ast.VisitorType.visit(VisitorType.java:106)
	at ast.Program.accept(Program.java:38)
	at Compiler.main(Compiler.java:56)
